<?xml version="1.0" encoding="UTF-8"?>
<!-- Generated by org.testng.reporters.JUnitReportReporter -->
<testsuite hostname="SWQA-1" failures="0" tests="2" name="sm.tests.EscortManagementTest" time="20.977" errors="0" timestamp="2024-05-03T13:39:11 BST" skipped="0">
  <testcase classname="sm.tests.EscortManagementTest" name="addEscortEvent" time="11.588"/>
  <testcase classname="sm.tests.EscortManagementTest" name="deleteEscortEvent" time="9.389"/>
</testsuite> <!-- sm.tests.EscortManagementTest -->
