<?xml version="1.0" encoding="UTF-8"?>
<!-- Generated by org.testng.reporters.JUnitReportReporter -->
<testsuite hostname="SWQA-1" failures="0" tests="3" name="sm.tests.test" time="17.733" errors="0" timestamp="2024-06-28T08:23:22 BST" skipped="2">
  <testcase classname="sm.tests.test" name="askTRACK" time="17.733"/>
  <testcase classname="sm.tests.test" name="HwkeyeJobsearch">
    <skipped/>
  </testcase> <!-- HwkeyeJobsearch -->
  <testcase classname="sm.tests.test" name="Hwkeye">
    <skipped/>
  </testcase> <!-- Hwkeye -->
</testsuite> <!-- sm.tests.test -->
