<?xml version="1.0" encoding="UTF-8"?>
<!-- Generated by org.testng.reporters.JUnitReportReporter -->
<testsuite hostname="SWQA-1" failures="0" tests="3" name="sm.tests.HawkEyetest" time="28.770" errors="0" timestamp="2024-06-28T10:54:34 BST" skipped="2">
  <testcase classname="sm.tests.HawkEyetest" name="Hwkeye" time="28.770"/>
  <testcase classname="sm.tests.HawkEyetest" name="askTRACK">
    <skipped/>
  </testcase> <!-- askTRACK -->
  <testcase classname="sm.tests.HawkEyetest" name="HwkeyeJobsearch">
    <skipped/>
  </testcase> <!-- HwkeyeJobsearch -->
</testsuite> <!-- sm.tests.HawkEyetest -->
