<?xml version="1.0" encoding="UTF-8"?>
<!-- Generated by org.testng.reporters.JUnitReportReporter -->
<testsuite hostname="SWQA-1" failures="0" tests="2" name="sm.tests.LandingPageTest" time="48.775" errors="0" timestamp="2024-05-30T15:38:48 BST" skipped="1">
  <testcase classname="sm.tests.LandingPageTest" name="pwdSignIn" time="48.775"/>
  <testcase classname="sm.tests.LandingPageTest" name="incorrectSignIn">
    <skipped/>
  </testcase> <!-- incorrectSignIn -->
</testsuite> <!-- sm.tests.LandingPageTest -->
