<?xml version="1.0" encoding="UTF-8"?>
<!-- Generated by org.testng.reporters.JUnitReportReporter -->
<testsuite hostname="SWQA-1" failures="0" tests="2" name="sm.tests.LandingPageTest" time="5.150" errors="0" timestamp="2024-06-06T16:14:05 BST" skipped="1">
  <testcase classname="sm.tests.LandingPageTest" name="incorrectSignIn" time="5.150"/>
  <testcase classname="sm.tests.LandingPageTest" name="pwdSignIn">
    <skipped/>
  </testcase> <!-- pwdSignIn -->
</testsuite> <!-- sm.tests.LandingPageTest -->
