<?xml version="1.0" encoding="UTF-8"?>
<!-- Generated by org.testng.reporters.JUnitReportReporter -->
<testsuite hostname="SWQA-1" failures="0" tests="6" name="sm.tests.StandAloneTest" time="20.337" errors="0" timestamp="2024-05-02T12:52:16 BST" skipped="4">
  <testcase classname="sm.tests.StandAloneTest" name="mableHistory" time="9.907"/>
  <testcase classname="sm.tests.StandAloneTest" name="alarmHistory" time="10.430"/>
  <testcase classname="sm.tests.StandAloneTest" name="bAlertClear">
    <skipped/>
  </testcase> <!-- bAlertClear -->
  <testcase classname="sm.tests.StandAloneTest" name="logOut">
    <skipped/>
  </testcase> <!-- logOut -->
  <testcase classname="sm.tests.StandAloneTest" name="mAlarmClear">
    <skipped/>
  </testcase> <!-- mAlarmClear -->
  <testcase classname="sm.tests.StandAloneTest" name="logIn">
    <skipped/>
  </testcase> <!-- logIn -->
</testsuite> <!-- sm.tests.StandAloneTest -->
