<?xml version="1.0" encoding="UTF-8"?>
<!-- Generated by org.testng.reporters.JUnitReportReporter -->
<testsuite hostname="SWQA-1" failures="0" tests="3" name="sm.tests.LandingPageTest" time="50.839" errors="0" timestamp="2024-06-21T12:48:34 BST" skipped="2">
  <testcase classname="sm.tests.LandingPageTest" name="pwdSignIn" time="50.839"/>
  <testcase classname="sm.tests.LandingPageTest" name="invalpwdSignIn">
    <skipped/>
  </testcase> <!-- invalpwdSignIn -->
  <testcase classname="sm.tests.LandingPageTest" name="invalemailSignIn">
    <skipped/>
  </testcase> <!-- invalemailSignIn -->
</testsuite> <!-- sm.tests.LandingPageTest -->
