<?xml version="1.0" encoding="UTF-8"?>
<!-- Generated by org.testng.reporters.JUnitReportReporter -->
<testsuite hostname="SWQA-1" failures="0" tests="1" name="sm.tests.test" time="13.020" errors="0" timestamp="2024-06-26T15:45:21 BST" skipped="0">
  <testcase classname="sm.tests.test" name="Hwkeye" time="13.020"/>
</testsuite> <!-- sm.tests.test -->
